<?xml version="1.0" encoding="UTF-8"?>
<testsuite name="StatisticsApiServiceTest" tests="2" skipped="0" failures="0" errors="0" timestamp="2023-03-27T00:12:40" hostname="WASTEED" time="0.036">
  <properties/>
  <testcase name="testVisitsByDays()" classname="StatisticsApiServiceTest" time="0.033"/>
  <testcase name="testSummary()" classname="StatisticsApiServiceTest" time="0.002"/>
  <system-out><![CDATA[]]></system-out>
  <system-err><![CDATA[]]></system-err>
</testsuite>
